<?xml version="1.0" encoding="UTF-8"?>
<testng-results ignored="0" total="1" passed="1" failed="0" skipped="0">
  <reporter-output>
  </reporter-output>
  <suite started-at="2024-03-01T12:06:30 IST" name="Default suite" finished-at="2024-03-01T12:06:30 IST" duration-ms="173">
    <groups>
    </groups>
    <test started-at="2024-03-01T12:06:30 IST" name="Default test" finished-at="2024-03-01T12:06:30 IST" duration-ms="173">
      <class name="Project.TestClass">
        <test-method signature="loginPagemethod()[pri:0, instance:Project.TestClass@5cee5251]" started-at="2024-03-01T12:06:30 IST" name="loginPagemethod" finished-at="2024-03-01T12:06:30 IST" duration-ms="46" status="PASS">
          <reporter-output>
          </reporter-output>
        </test-method> <!-- loginPagemethod -->
      </class> <!-- Project.TestClass -->
    </test> <!-- Default test -->
  </suite> <!-- Default suite -->
</testng-results>
